[4116:15472:2024-5-17 19:3:49.298] Main Start
[4116:15472:2024-5-17 19:3:49.345] Command line:"C:\Users\rgukt\Downloads\Zoom_cm_fo42pnktZ9vvrZo4_m5lVDgynQtWrPnx6ic9j7BqroffGsRWaPBZvK@EtyKi7SvtyQcc+jh_kc546039d4ae05298_.exe"  Instance:0xD40000 Show State:1
[4116:15472:2024-5-17 19:3:50.833] C:\
[4116:10312:2024-5-17 19:3:51.513] [process_requst] start, url:https://us06web.zoom.us/conf/launch
[4116:10312:2024-5-17 19:3:56.242] [req_state_read_status_code] zHttpQueryInfo complete, status:200
[4116:10312:2024-5-17 19:3:56.242] [req_state_read_status_code] zHttpQueryInfo complete, status:200 Error: 0
[4116:10312:2024-5-17 19:3:56.242] [read_response_content] API call zHttpQueryInfo failed, error: 12150
[4116:10312:2024-5-17 19:3:56.242] [log_response_content] Content length (1048576 as unknown):1048576 , Total read: 2556 , Error No: 0 , Status code: 200
[4116:10312:2024-5-17 19:3:56.242] [log_response_content] header:
[4116:10312:2024-5-17 19:3:56.242] HTTP/1.1 200 OK
Date: Fri, 17 May 2024 13:33:57 GMT
Content-Type: text/plain;charset=utf-8
Transfer-Encoding: chunked
Connection: keep-alive
x-zm-trackingid: v=2.0;clid=us06;rid=WEB_4ee565c47748da952564787b3b20cb1f
x-content-type-options: nosniff
content-security-policy: upgrade-insecure-requests; default-src https://*.zoom.us https://zoom.us blob: 'self'; img-src https: about: blob: data: 'self'; style-src https: safari-extension: chrome-extension: 'unsafe-inline' data: 'self'; font-src https: safari-extension: chrome-extension: blob: data: 'self'; connect-src * about: blob: data: 'self'; media-src * rtmp: blob: data: 'self'; frame-src https: ms-appx-web: zoommtg: zoomus: wvjbscheme: zoomprc: data: blob: 'self'; object-src 'none'; base-uri 'none';
x-frame-options: SAMEORIGIN
set-cookie: zm_aid=; Max-Age=0; Expires=Thu, 01 Jan 1970 00:00:10 GMT; Domain=zoom.us; Path=/; Secure; HttpOnly
x-zm-zoneid: VA2
strict-transport-security: max-age=31536000; includeSubDomains
x-xss-protection: 1; mode=block
referrer-policy: strict-origin-when-cross-origin
CF-Cache-Status: DYNAMIC
Set-Cookie: zm_haid=; Max-Age=0; Expires=Thu, 01 Jan 1970 00:00:10 GMT; Domain=zoom.us; Path=/; Secure; HttpOnly
Set-Cookie: zm_tmaid=; Max-Age=0; Expires=Thu, 01 Jan 1970 00:00:10 GMT; Domain=zoom.us; Path=/; Secure; HttpOnly
Set-Cookie: zm_htmaid=; Max-Age=0; Expires=Thu, 01 Jan 1970 00:00:10 GMT; Domain=zoom.us; Path=/; Secure; HttpOnly
Set-Cookie: cred=AB604C6C6FA64E9CA4CF38B7A6D76438; Path=/; Secure; HttpOnly
Set-Cookie: _zm_page_auth=us06_c_jTtOe-yrRcGvwrz-F6cbQg; Domain=zoom.us; Path=/; Secure; HttpOnly
Set-Cookie: _zm_ssid=us06_c_O3wiOVtcREOE14kgNnrJCw; Domain=zoom.us; Path=/; Secure; HttpOnly
Set-Cookie: _zm_ctaid=CD0u7-HRRdyipyFCbM3_uw.1715952836983.e7052f514efc2a04507c22f3ffbd166b; Max-Age=7200; Expires=Fri, 17 May 2024 15:33:56 GMT; Domain=zoom.us; Path=/; Secure; HttpOnly
Set-Cookie: _zm_chtaid=513; Max-Age=7200; Expires=Fri, 17 May 2024 15:33:56 GMT; Domain=zoom.us; Path=/; Secure; HttpOnly
Set-Cookie: _zm_mtk_guid=f61ae34901d646c68e327588401a4d1c; Max-Age=63072000; Expires=Sun, 17 May 2026 13:33:56 GMT; Domain=zoom.us; Path=/; Secure
Set-Cookie: __cf_bm=YED56utQu_ZRjaVCnjjYjxKiYi_X9nFMnX_LkqJmyQ0-1715952837-1.0.1.1-249j9IdYE3s0XC78SNNyKa53MU_J1_XaLz93b4UgvxO_0CPFIPTmLzpgAmoM8kpzvLeWALQ3jvum0xLJSLLklQ; path=/; expires=Fri, 17-May-24 14:03:57 GMT; domain=.us06web.zoom.us; HttpOnly; Secure; SameSite=None
Server: cloudflare
CF-RAY: 8853fb6e6ad36ef5-BOM
alt-svc: h3=":443"; ma=86400


[4116:10312:2024-5-17 19:3:56.242] [process_requst] End for url:https://us06web.zoom.us/conf/launch, return code:200, Error:0, Response content size:2556
[4116:15472:2024-5-17 19:3:56.741] [client_has_installed_app] found path:
[4116:15472:2024-5-17 19:3:56.741]  ***NULL-POINTER-PLACEHOLDER***
[4116:15472:2024-5-17 19:3:56.741] [param_query_local_path] path is: C:\Users\rgukt\AppData\Roaming\Zoom\ZoomDownload\ dir create response : 1 system error: 1008
[4116:15472:2024-5-17 19:3:56.741] [downloader_run] State:0
[4116:2428:2024-5-17 19:3:56.830] [process_requst] start, url:https://us06web.zoom.us/client/latest/Installer.exe?archType=x64
[4116:15472:2024-5-17 19:3:56.830] [client_has_installed_app] found path:
[4116:15472:2024-5-17 19:3:56.830]  ***NULL-POINTER-PLACEHOLDER***
[4116:2428:2024-5-17 19:3:58.330] [req_state_read_status_code] zHttpQueryInfo complete, status:200
[4116:2428:2024-5-17 19:3:58.330] [req_state_read_status_code] zHttpQueryInfo complete, status:200 Error: 0
[4116:2428:2024-5-17 19:3:59.965] [read_response_file] Status Code:200, content length: 1077064, total read: 1077064, error code: 0
[4116:2428:2024-5-17 19:3:59.981] [process_requst] End for url:https://us06web.zoom.us/client/latest/Installer.exe?archType=x64, return code:200, Error:0, Response content size:0
[4116:15472:2024-5-17 19:4:0.12] [handle_download_job_done] Index: 1 Curr index: 1 StatusCode: 200 Error: 0 Response is Empty. 
[4116:2428:2024-5-17 19:4:0.361] [process_requst] start, url:https://us06web.zoom.us/client/latest/Zoom.msi?archType=x64
[4116:2428:2024-5-17 19:4:1.257] [req_state_read_status_code] zHttpQueryInfo complete, status:200
[4116:2428:2024-5-17 19:4:1.257] [req_state_read_status_code] zHttpQueryInfo complete, status:200 Error: 0
[4116:2428:2024-5-17 19:6:1.440] [read_response_file] Status Code:200, content length: 40971065, total read: 40971065, error code: 0
[4116:2428:2024-5-17 19:6:2.672] [process_requst] End for url:https://us06web.zoom.us/client/latest/Zoom.msi?archType=x64, return code:200, Error:0, Response content size:0
[4116:15472:2024-5-17 19:6:2.766] [handle_download_job_done] Index: 2 Curr index: 2 StatusCode: 200 Error: 0 Response is Empty. 
[4116:15472:2024-5-17 19:6:2.782] C:\Users\rgukt\AppData\Roaming\Zoom\ZoomDownload\Installer.exe
[4116:15472:2024-5-17 19:6:2.782] ZInstaller --conf.mode=silent --ipc_wnd=264684
[4116:15472:2024-5-17 19:6:7.954] [launch_silent_install] Installer process created, result:42
[4116:15472:2024-5-18 20:11:19.852] Main End
